<?xml version="1.0" encoding="UTF-8"?>
<!-- Generated by org.testng.reporters.JUnitXMLReporter -->
<testsuite hostname="LAPTOP-TGN4T61P" ignored="0" name="Surefire test" tests="6" failures="0" timestamp="2019-03-06T22:42:06 CST" time="3.984" errors="0">
  <testcase name="TestFindById on TestFindById(com.software.mapper.OrderMapperTest)" time="2.285" classname="com.software.mapper.OrderMapperTest"/>
  <testcase name="page on page(com.software.mapper.PageHelperTest)" time="0.0" classname="com.software.mapper.PageHelperTest"/>
  <testcase name="TestFindById on TestFindById(com.software.mapper.ProjectMapperTest)" time="1.328" classname="com.software.mapper.ProjectMapperTest"/>
  <testcase name="TestFindById on TestFindById(com.software.mapper.TestMapperTest)" time="0.139" classname="com.software.mapper.TestMapperTest"/>
  <testcase name="TestFindById on TestFindById(com.software.mapper.UserMapperTest)" time="0.189" classname="com.software.mapper.UserMapperTest"/>
  <testcase name="test on test(Test)" time="0.001" classname="Test"/>
</testsuite> <!-- Surefire test -->
