<?xml version="1.0" encoding="UTF-8"?>
<testng-results skipped="0" failed="0" ignored="0" total="6" passed="6">
  <reporter-output>
  </reporter-output>
  <suite name="Surefire suite" duration-ms="3984" started-at="2019-03-06T22:42:02 CST" finished-at="2019-03-06T22:42:06 CST">
    <groups>
    </groups>
    <test name="Surefire test" duration-ms="3984" started-at="2019-03-06T22:42:02 CST" finished-at="2019-03-06T22:42:06 CST">
      <class name="com.software.mapper.PageHelperTest">
        <test-method status="PASS" signature="page()" name="page" duration-ms="0" started-at="2019-03-06T22:42:04 CST" finished-at="2019-03-06T22:42:04 CST">
          <reporter-output>
          </reporter-output>
        </test-method> <!-- page -->
      </class> <!-- com.software.mapper.PageHelperTest -->
      <class name="Test">
        <test-method status="PASS" signature="test()" name="test" duration-ms="1" started-at="2019-03-06T22:42:06 CST" finished-at="2019-03-06T22:42:06 CST">
          <reporter-output>
          </reporter-output>
        </test-method> <!-- test -->
      </class> <!-- Test -->
      <class name="com.software.mapper.TestMapperTest">
        <test-method status="PASS" signature="TestFindById()" name="TestFindById" duration-ms="139" started-at="2019-03-06T22:42:05 CST" finished-at="2019-03-06T22:42:06 CST">
          <reporter-output>
          </reporter-output>
        </test-method> <!-- TestFindById -->
      </class> <!-- com.software.mapper.TestMapperTest -->
      <class name="com.software.mapper.UserMapperTest">
        <test-method status="PASS" signature="TestFindById()" name="TestFindById" duration-ms="189" started-at="2019-03-06T22:42:06 CST" finished-at="2019-03-06T22:42:06 CST">
          <reporter-output>
          </reporter-output>
        </test-method> <!-- TestFindById -->
      </class> <!-- com.software.mapper.UserMapperTest -->
      <class name="com.software.mapper.ProjectMapperTest">
        <test-method status="PASS" signature="TestFindById()" name="TestFindById" duration-ms="1328" started-at="2019-03-06T22:42:04 CST" finished-at="2019-03-06T22:42:05 CST">
          <reporter-output>
          </reporter-output>
        </test-method> <!-- TestFindById -->
      </class> <!-- com.software.mapper.ProjectMapperTest -->
      <class name="com.software.mapper.OrderMapperTest">
        <test-method status="PASS" signature="TestFindById()" name="TestFindById" duration-ms="2285" started-at="2019-03-06T22:42:02 CST" finished-at="2019-03-06T22:42:04 CST">
          <reporter-output>
          </reporter-output>
        </test-method> <!-- TestFindById -->
      </class> <!-- com.software.mapper.OrderMapperTest -->
    </test> <!-- Surefire test -->
  </suite> <!-- Surefire suite -->
</testng-results>
