<?xml version="1.0" encoding="UTF-8"?>
<testsuite xmlns:xsi="http://www.w3.org/2001/XMLSchema-instance" xsi:noNamespaceSchemaLocation="https://maven.apache.org/surefire/maven-surefire-plugin/xsd/surefire-test-report.xsd" name="TestSuite" time="4.489" tests="6" errors="0" skipped="0" failures="0">
  <properties>
[...]
</properties>
  <testcase name="TestFindById on TestFindById(com.software.mapper.OrderMapperTest)" classname="com.software.mapper.OrderMapperTest" time="2.28"/>
  <testcase name="page on page(com.software.mapper.PageHelperTest)" classname="com.software.mapper.PageHelperTest" time="0"/>
  <testcase name="TestFindById on TestFindById(com.software.mapper.ProjectMapperTest)" classname="com.software.mapper.ProjectMapperTest" time="1.328"/>
  <testcase name="TestFindById on TestFindById(com.software.mapper.TestMapperTest)" classname="com.software.mapper.TestMapperTest" time="0.14"/>
  <testcase name="TestFindById on TestFindById(com.software.mapper.UserMapperTest)" classname="com.software.mapper.UserMapperTest" time="0.188"/>
  <testcase name="test on test(Test)" classname="Test" time="0.001"/>
</testsuite>